<?xml version="1.0" encoding="UTF-8"?>
<coverage generated="1588979775442" clover="3.2.0">
  <project timestamp="1588979775442" name="All files">
    <metrics statements="14" coveredstatements="14" conditionals="9" coveredconditionals="8" methods="1" coveredmethods="1" elements="24" coveredelements="23" complexity="0" loc="14" ncloc="14" packages="1" files="1" classes="1"/>
    <file name="array-binary-search.js" path="C:\Users\alexr\codefellows\401\data-structures-and-algorithms\arrayBinarySearch\array-binary-search.js">
      <metrics statements="14" coveredstatements="14" conditionals="9" coveredconditionals="8" methods="1" coveredmethods="1"/>
      <line num="12" count="5" type="cond" truecount="5" falsecount="0"/>
      <line num="13" count="1" type="stmt"/>
      <line num="16" count="4" type="stmt"/>
      <line num="18" count="4" type="stmt"/>
      <line num="19" count="20" type="cond" truecount="2" falsecount="0"/>
      <line num="20" count="2" type="stmt"/>
      <line num="21" count="2" type="stmt"/>
      <line num="22" count="2" type="stmt"/>
      <line num="26" count="2" type="cond" truecount="1" falsecount="1"/>
      <line num="27" count="2" type="stmt"/>
      <line num="28" count="2" type="stmt"/>
      <line num="32" count="1" type="stmt"/>
      <line num="33" count="1" type="stmt"/>
      <line num="35" count="1" type="stmt"/>
    </file>
  </project>
</coverage>
