{"C:\\Users\\alexr\\codefellows\\401\\data-structures-and-algorithms\\arrayBinarySearch\\array-binary-search.js": {"path":"C:\\Users\\alexr\\codefellows\\401\\data-structures-and-algorithms\\arrayBinarySearch\\array-binary-search.js","statementMap":{"0":{"start":{"line":12,"column":4},"end":{"line":14,"column":5}},"1":{"start":{"line":13,"column":8},"end":{"line":13,"column":20}},"2":{"start":{"line":16,"column":19},"end":{"line":16,"column":29}},"3":{"start":{"line":18,"column":4},"end":{"line":25,"column":9}},"4":{"start":{"line":18,"column":15},"end":{"line":18,"column":16}},"5":{"start":{"line":19,"column":8},"end":{"line":23,"column":9}},"6":{"start":{"line":20,"column":12},"end":{"line":20,"column":27}},"7":{"start":{"line":21,"column":12},"end":{"line":21,"column":23}},"8":{"start":{"line":22,"column":12},"end":{"line":22,"column":21}},"9":{"start":{"line":26,"column":8},"end":{"line":29,"column":5}},"10":{"start":{"line":27,"column":12},"end":{"line":27,"column":28}},"11":{"start":{"line":28,"column":12},"end":{"line":28,"column":22}},"12":{"start":{"line":32,"column":0},"end":{"line":32,"column":37}},"13":{"start":{"line":33,"column":0},"end":{"line":33,"column":42}},"14":{"start":{"line":35,"column":0},"end":{"line":35,"column":30}}},"fnMap":{"0":{"name":"binarySearch","decl":{"start":{"line":10,"column":9},"end":{"line":10,"column":21}},"loc":{"start":{"line":10,"column":33},"end":{"line":30,"column":1}},"line":10}},"branchMap":{"0":{"loc":{"start":{"line":12,"column":4},"end":{"line":14,"column":5}},"type":"if","locations":[{"start":{"line":12,"column":4},"end":{"line":14,"column":5}},{"start":{"line":12,"column":4},"end":{"line":14,"column":5}}],"line":12},"1":{"loc":{"start":{"line":12,"column":8},"end":{"line":12,"column":42}},"type":"binary-expr","locations":[{"start":{"line":12,"column":8},"end":{"line":12,"column":12}},{"start":{"line":12,"column":16},"end":{"line":12,"column":32}},{"start":{"line":12,"column":36},"end":{"line":12,"column":42}}],"line":12},"2":{"loc":{"start":{"line":19,"column":8},"end":{"line":23,"column":9}},"type":"if","locations":[{"start":{"line":19,"column":8},"end":{"line":23,"column":9}},{"start":{"line":19,"column":8},"end":{"line":23,"column":9}}],"line":19},"3":{"loc":{"start":{"line":26,"column":8},"end":{"line":29,"column":5}},"type":"if","locations":[{"start":{"line":26,"column":8},"end":{"line":29,"column":5}},{"start":{"line":26,"column":8},"end":{"line":29,"column":5}}],"line":26}},"s":{"0":5,"1":1,"2":4,"3":4,"4":4,"5":20,"6":2,"7":2,"8":2,"9":2,"10":2,"11":2,"12":1,"13":1,"14":1},"f":{"0":5},"b":{"0":[1,4],"1":[5,4,4],"2":[2,18],"3":[2,0]},"_coverageSchema":"1a1c01bbd47fc00a2c39e90264f33305004495a9","hash":"1af5b291c8883c919adbd4681856790ef58c7d20"}
}
